<?xml version="1.0" encoding="UTF-8"?>
<testng-results skipped="0" failed="1" ignored="1" total="4" passed="2">
  <reporter-output>
  </reporter-output>
  <suite name="Default suite" duration-ms="66685" started-at="2021-05-22T15:51:23 EET" finished-at="2021-05-22T15:52:30 EET">
    <groups>
    </groups>
    <test name="Default test" duration-ms="66685" started-at="2021-05-22T15:51:23 EET" finished-at="2021-05-22T15:52:30 EET">
      <class name="findingElements.SouqSearchListing">
        <test-method status="PASS" signature="OpenURL()[pri:0, instance:findingElements.SouqSearchListing@7a30d1e6]" name="OpenURL" is-config="true" duration-ms="6203" started-at="2021-05-22T15:51:23 EET" finished-at="2021-05-22T15:51:29 EET">
          <reporter-output>
          </reporter-output>
        </test-method> <!-- OpenURL -->
        <test-method status="PASS" signature="TestSearchBoxIsExist()[pri:0, instance:findingElements.SouqSearchListing@7a30d1e6]" name="TestSearchBoxIsExist" duration-ms="2035" started-at="2021-05-22T15:51:29 EET" finished-at="2021-05-22T15:51:31 EET">
          <reporter-output>
          </reporter-output>
        </test-method> <!-- TestSearchBoxIsExist -->
        <test-method status="PASS" signature="ListingSearchResult()[pri:0, instance:findingElements.SouqSearchListing@7a30d1e6]" name="ListingSearchResult" duration-ms="57397" started-at="2021-05-22T15:51:31 EET" depends-on-methods="findingElements.SouqSearchListing.TestSearchBoxIsExist" finished-at="2021-05-22T15:52:29 EET">
          <reporter-output>
          </reporter-output>
        </test-method> <!-- ListingSearchResult -->
        <test-method status="FAIL" signature="CheckTheTotalSearchResult()[pri:1, instance:findingElements.SouqSearchListing@7a30d1e6]" name="CheckTheTotalSearchResult" duration-ms="63" started-at="2021-05-22T15:52:29 EET" finished-at="2021-05-22T15:52:29 EET">
          <exception class="java.lang.AssertionError">
            <message>
              <![CDATA[expected [(20 Items found)] but found [(260 Items found)]]]>
            </message>
            <full-stacktrace>
              <![CDATA[java.lang.AssertionError: expected [(20 Items found)] but found [(260 Items found)]
at org.testng.Assert.fail(Assert.java:99)
at org.testng.Assert.failNotEquals(Assert.java:1037)
at org.testng.Assert.assertEqualsImpl(Assert.java:140)
at org.testng.Assert.assertEquals(Assert.java:122)
at org.testng.Assert.assertEquals(Assert.java:629)
at org.testng.Assert.assertEquals(Assert.java:639)
at findingElements.SouqSearchListing.CheckTheTotalSearchResult(SouqSearchListing.java:42)
at sun.reflect.NativeMethodAccessorImpl.invoke0(Native Method)
at sun.reflect.NativeMethodAccessorImpl.invoke(Unknown Source)
at sun.reflect.DelegatingMethodAccessorImpl.invoke(Unknown Source)
at java.lang.reflect.Method.invoke(Unknown Source)
at org.testng.internal.MethodInvocationHelper.invokeMethod(MethodInvocationHelper.java:132)
at org.testng.internal.TestInvoker.invokeMethod(TestInvoker.java:599)
at org.testng.internal.TestInvoker.invokeTestMethod(TestInvoker.java:174)
at org.testng.internal.MethodRunner.runInSequence(MethodRunner.java:46)
at org.testng.internal.TestInvoker$MethodInvocationAgent.invoke(TestInvoker.java:822)
at org.testng.internal.TestInvoker.invokeTestMethods(TestInvoker.java:147)
at org.testng.internal.TestMethodWorker.invokeTestMethods(TestMethodWorker.java:146)
at org.testng.internal.TestMethodWorker.run(TestMethodWorker.java:128)
at java.util.ArrayList.forEach(Unknown Source)
at org.testng.TestRunner.privateRun(TestRunner.java:764)
at org.testng.TestRunner.run(TestRunner.java:585)
at org.testng.SuiteRunner.runTest(SuiteRunner.java:384)
at org.testng.SuiteRunner.runSequentially(SuiteRunner.java:378)
at org.testng.SuiteRunner.privateRun(SuiteRunner.java:337)
at org.testng.SuiteRunner.run(SuiteRunner.java:286)
at org.testng.SuiteRunnerWorker.runSuite(SuiteRunnerWorker.java:53)
at org.testng.SuiteRunnerWorker.run(SuiteRunnerWorker.java:96)
at org.testng.TestNG.runSuitesSequentially(TestNG.java:1218)
at org.testng.TestNG.runSuitesLocally(TestNG.java:1140)
at org.testng.TestNG.runSuites(TestNG.java:1069)
at org.testng.TestNG.run(TestNG.java:1037)
at org.testng.remote.AbstractRemoteTestNG.run(AbstractRemoteTestNG.java:115)
at org.testng.remote.RemoteTestNG.initAndRun(RemoteTestNG.java:251)
at org.testng.remote.RemoteTestNG.main(RemoteTestNG.java:77)
]]>
            </full-stacktrace>
          </exception> <!-- java.lang.AssertionError -->
          <reporter-output>
          </reporter-output>
        </test-method> <!-- CheckTheTotalSearchResult -->
        <test-method status="PASS" signature="CloseDriver()[pri:0, instance:findingElements.SouqSearchListing@7a30d1e6]" name="CloseDriver" is-config="true" duration-ms="932" started-at="2021-05-22T15:52:29 EET" finished-at="2021-05-22T15:52:30 EET">
          <reporter-output>
          </reporter-output>
        </test-method> <!-- CloseDriver -->
      </class> <!-- findingElements.SouqSearchListing -->
    </test> <!-- Default test -->
  </suite> <!-- Default suite -->
</testng-results>
